d:\visual_studio_project\c++\cpen333 labs\assignment1\assignment1\assignment1\debug\vc140.pdb
d:\visual_studio_project\c++\cpen333 labs\assignment1\assignment1\assignment1\debug\vc140.idb
d:\visual_studio_project\c++\cpen333 labs\assignment1\assignment1\assignment1\debug\rt.obj
d:\visual_studio_project\c++\cpen333 labs\assignment1\assignment1\assignment1\debug\customer.obj
d:\visual_studio_project\c++\cpen333 labs\assignment1\assignment1\assignment1\debug\fueltankmonitor.obj
d:\visual_studio_project\c++\cpen333 labs\assignment1\assignment1\assignment1\debug\main.obj
d:\visual_studio_project\c++\cpen333 labs\assignment1\assignment1\assignment1\debug\pump.obj
d:\visual_studio_project\c++\cpen333 labs\assignment1\assignment1\debug\assignment1.ilk
d:\visual_studio_project\c++\cpen333 labs\assignment1\assignment1\debug\assignment1.exe
d:\visual_studio_project\c++\cpen333 labs\assignment1\assignment1\debug\assignment1.pdb
d:\visual_studio_project\c++\cpen333 labs\assignment1\assignment1\assignment1\debug\assignment1.tlog\cl.command.1.tlog
d:\visual_studio_project\c++\cpen333 labs\assignment1\assignment1\assignment1\debug\assignment1.tlog\cl.read.1.tlog
d:\visual_studio_project\c++\cpen333 labs\assignment1\assignment1\assignment1\debug\assignment1.tlog\cl.write.1.tlog
d:\visual_studio_project\c++\cpen333 labs\assignment1\assignment1\assignment1\debug\assignment1.tlog\link-cvtres.read.1.tlog
d:\visual_studio_project\c++\cpen333 labs\assignment1\assignment1\assignment1\debug\assignment1.tlog\link-cvtres.write.1.tlog
d:\visual_studio_project\c++\cpen333 labs\assignment1\assignment1\assignment1\debug\assignment1.tlog\link-rc.read.1.tlog
d:\visual_studio_project\c++\cpen333 labs\assignment1\assignment1\assignment1\debug\assignment1.tlog\link-rc.write.1.tlog
d:\visual_studio_project\c++\cpen333 labs\assignment1\assignment1\assignment1\debug\assignment1.tlog\link.command.1.tlog
d:\visual_studio_project\c++\cpen333 labs\assignment1\assignment1\assignment1\debug\assignment1.tlog\link.read.1.tlog
d:\visual_studio_project\c++\cpen333 labs\assignment1\assignment1\assignment1\debug\assignment1.tlog\link.write.1.tlog
